<?xml version="1.0" encoding="UTF-8"?>
<!-- Generated by org.testng.reporters.JUnitReportReporter -->
<testsuite hostname="DESKTOP-2VFCG7I" failures="0" tests="1" name="Amazon_Test.Amazon_TC1" time="32.156" errors="0" timestamp="2025-06-14T13:12:28 IST" skipped="0">
  <testcase classname="Amazon_Test.Amazon_TC1" name="login_to_amazon" time="32.156"/>
</testsuite> <!-- Amazon_Test.Amazon_TC1 -->
